08/07/2014 
19:15
;; 1. Based on: run013
;; 2. Description: 2-comp iv, linear elim, allom IBW on CL, WGT on V1 V2, IIV CL V1 prop+ FIX add error
;; x1. Author: Sebastian G. Wicha, Freie Universiaet Berlin
;; 3. Label:
$PROBLEM    PK
$INPUT      ID TIME DV AMT RATE MDV EVID CMT AGE SEX HGT WGT BMI SCR
            CGCRCL IBW IBWCGCRCL
$DATA       KP_MOX02_20140606_POOLED.csv ; IGNORE=#
$SUBROUTINE ADVAN3 TRANS4
$PK 

TVCL  = THETA(1) 
ASCCL = TVCL * (IBW/70)**0.75
CL    = ASCCL * EXP(ETA(1))

TVV1  = THETA(2) 
ASCV1 = TVV1 * (WGT/70)**1
V1    = ASCV1 * EXP(ETA(2))

Q  = THETA(3) 

TVV2 = THETA(4)
ASCV2 = TVV2 * (WGT/70)**1
V2    = ASCV2 

S1 = V1

$ERROR 
IPRED = F
DEL   = 0
IF (IPRED.EQ.0) DEL=0.0001
W     = F
Y     = F+F*EPS(1)+EPS(2)
IRES  = DV-IPRED
IWRES = IRES/(W+DEL)

$THETA  (0,10) ; CL
 (0,50) ; V1
 (0,50) ; Q
 (0,50) ; V2
$OMEGA  0.1  ;     IIV CL
 0.1  ;     IIV V1
$SIGMA  .1  ;       Prop
 .00465  FIX  ;        Add
$ESTIMATION METHOD=1 INTER MAXEVAL=2000 NOABORT SIG=3 PRINT=1 POSTHOC
; Xpose
$COVARIANCE
$TABLE      ID TIME DV MDV AMT EVID PRED IPRED CWRES WRES IWRES
            NOAPPEND ONEHEADER NOPRINT FILE=sdtab021
$TABLE      ID CL V1 Q V2 ETA1 ETA2 NOAPPEND ONEHEADER NOPRINT
            FILE=patab021
$TABLE      ID TIME AGE HGT WGT BMI SCR CGCRCL IBW IBWCGCRCL NOAPPEND
            ONEHEADER NOPRINT FILE=cotab021
$TABLE      ID TIME SEX NOAPPEND ONEHEADER NOPRINT file=catab001

  
NM-TRAN MESSAGES 
  
 WARNINGS AND ERRORS (IF ANY) FOR PROBLEM    1
             
 (WARNING  2) NM-TRAN INFERS THAT THE DATA ARE POPULATION.
  
License Registered to: Freie Universitaet Berlin
Expiration Date:    14 JAN 2019
Current Date:        8 JUL 2014
Days until program expires :1651
1NONLINEAR MIXED EFFECTS MODEL PROGRAM (NONMEM) VERSION 7.3.0
 ORIGINALLY DEVELOPED BY STUART BEAL, LEWIS SHEINER, AND ALISON BOECKMANN
 CURRENT DEVELOPERS ARE ROBERT BAUER, ICON DEVELOPMENT SOLUTIONS,
 AND ALISON BOECKMANN. IMPLEMENTATION, EFFICIENCY, AND STANDARDIZATION
 PERFORMED BY NOUS INFOSYSTEMS.

 PROBLEM NO.:         1
 PK
0DATA CHECKOUT RUN:              NO
 DATA SET LOCATED ON UNIT NO.:    2
 THIS UNIT TO BE REWOUND:        NO
 NO. OF DATA RECS IN DATA SET:      680
 NO. OF DATA ITEMS IN DATA SET:  17
 ID DATA ITEM IS DATA ITEM NO.:   1
 DEP VARIABLE IS DATA ITEM NO.:   3
 MDV DATA ITEM IS DATA ITEM NO.:  6
0INDICES PASSED TO SUBROUTINE PRED:
   7   2   4   5   0   0   8   0   0   0   0
0LABELS FOR DATA ITEMS:
 ID TIME DV AMT RATE MDV EVID CMT AGE SEX HGT WGT BMI SCR CGCRCL IBW IBWCGCRCL
0(NONBLANK) LABELS FOR PRED-DEFINED ITEMS:
 CL V1 Q V2 IPRED IWRES
0FORMAT FOR DATA:
 (2(6E12.0/),5E12.0)

 TOT. NO. OF OBS RECS:      408
 TOT. NO. OF INDIVIDUALS:     50
0LENGTH OF THETA:   4
0DEFAULT THETA BOUNDARY TEST OMITTED:    NO
0OMEGA HAS SIMPLE DIAGONAL FORM WITH DIMENSION:   2
0DEFAULT OMEGA BOUNDARY TEST OMITTED:    NO
0SIGMA HAS BLOCK FORM:
  1
  0  2
0DEFAULT SIGMA BOUNDARY TEST OMITTED:    NO
0INITIAL ESTIMATE OF THETA:
 LOWER BOUND    INITIAL EST    UPPER BOUND
  0.0000E+00     0.1000E+02     0.1000E+07
  0.0000E+00     0.5000E+02     0.1000E+07
  0.0000E+00     0.5000E+02     0.1000E+07
  0.0000E+00     0.5000E+02     0.1000E+07
0INITIAL ESTIMATE OF OMEGA:
 0.1000E+00
 0.0000E+00   0.1000E+00
0INITIAL ESTIMATE OF SIGMA:
 BLOCK SET NO.   BLOCK                                                                    FIXED
        1                                                                                   NO
                  0.1000E+00
        2                                                                                  YES
                  0.4650E-02
0COVARIANCE STEP OMITTED:        NO
 EIGENVLS. PRINTED:              NO
 SPECIAL COMPUTATION:            NO
 COMPRESSED FORMAT:              NO
 SIGDIGITS ETAHAT (SIGLO):                  -1
 SIGDIGITS GRADIENTS (SIGL):                -1
 RELATIVE TOLERANCE (TOL):                  -1
 ABSOLUTE TOLERANCE-ADVAN 9,13 ONLY (ATOL): -1
 EXCLUDE COV FOR FOCE (NOFCOV):              NO
 RESUME COV ANALYSIS (RESUME):               NO
0TABLES STEP OMITTED:    NO
 NO. OF TABLES:           4
 SEED NUMBER (SEED):    11456
 RANMETHOD:
 MC SAMPLES (ESEED):    300
 WRES SQUARE ROOT TYPE:            EIGENVALUE
0-- TABLE   1 --
04 COLUMNS APPENDED:     NO
 PRINTED:                NO
 HEADER:                YES
 FILE TO BE FORWARDED:   NO
 FORMAT:                S1PE11.4
 LFORMAT:
 RFORMAT:
0USER-CHOSEN ITEMS:
 ID TIME DV MDV AMT EVID PRED IPRED CWRES WRES IWRES
0-- TABLE   2 --
04 COLUMNS APPENDED:     NO
 PRINTED:                NO
 HEADER:                YES
 FILE TO BE FORWARDED:   NO
 FORMAT:                S1PE11.4
 LFORMAT:
 RFORMAT:
0USER-CHOSEN ITEMS:
 ID CL V1 Q V2 ETA1 ETA2
0-- TABLE   3 --
04 COLUMNS APPENDED:     NO
 PRINTED:                NO
 HEADER:                YES
 FILE TO BE FORWARDED:   NO
 FORMAT:                S1PE11.4
 LFORMAT:
 RFORMAT:
0USER-CHOSEN ITEMS:
 ID TIME AGE HGT WGT BMI SCR CGCRCL IBW IBWCGCRCL
0-- TABLE   4 --
04 COLUMNS APPENDED:     NO
 PRINTED:                NO
 HEADER:                YES
 FILE TO BE FORWARDED:   NO
 FORMAT:                S1PE11.4
 LFORMAT:
 RFORMAT:
0USER-CHOSEN ITEMS:
 ID TIME SEX
1DOUBLE PRECISION PREDPP VERSION 7.3.0

 TWO COMPARTMENT MODEL (ADVAN3)
0MAXIMUM NO. OF BASIC PK PARAMETERS:   4
0BASIC PK PARAMETERS (AFTER TRANSLATION):
   BASIC PK PARAMETER NO.  1: ELIMINATION RATE (K)
   BASIC PK PARAMETER NO.  2: CENTRAL-TO-PERIPH. RATE (K12)
   BASIC PK PARAMETER NO.  3: PERIPH.-TO-CENTRAL RATE (K21)
 TRANSLATOR WILL CONVERT PARAMETERS
 CL, V1, Q, V2 TO K, K12, K21 (TRANS4)
0COMPARTMENT ATTRIBUTES
 COMPT. NO.   FUNCTION   INITIAL    ON/OFF      DOSE      DEFAULT    DEFAULT
                         STATUS     ALLOWED    ALLOWED    FOR DOSE   FOR OBS.
    1         CENTRAL      ON         NO         YES        YES        YES
    2         PERIPH.      ON         NO         YES        NO         NO
    3         OUTPUT       OFF        YES        NO         NO         NO
1
 ADDITIONAL PK PARAMETERS - ASSIGNMENT OF ROWS IN GG
 COMPT. NO.                             INDICES
              SCALE      BIOAVAIL.   ZERO-ORDER  ZERO-ORDER  ABSORB
                         FRACTION    RATE        DURATION    LAG
    1            5           *           *           *           *
    2            *           *           *           *           *
    3            *           -           -           -           -
             - PARAMETER IS NOT ALLOWED FOR THIS MODEL
             * PARAMETER IS NOT SUPPLIED BY PK SUBROUTINE;
               WILL DEFAULT TO ONE IF APPLICABLE
0DATA ITEM INDICES USED BY PRED ARE:
   EVENT ID DATA ITEM IS DATA ITEM NO.:      7
   TIME DATA ITEM IS DATA ITEM NO.:          2
   DOSE AMOUNT DATA ITEM IS DATA ITEM NO.:   4
   DOSE RATE DATA ITEM IS DATA ITEM NO.:     5
   COMPT. NO. DATA ITEM IS DATA ITEM NO.:    8

0PK SUBROUTINE CALLED WITH EVERY EVENT RECORD.
 PK SUBROUTINE NOT CALLED AT NONEVENT (ADDITIONAL OR LAGGED) DOSE TIMES.
0ERROR SUBROUTINE CALLED WITH EVERY EVENT RECORD.
1


 #TBLN:      1
 #METH: First Order Conditional Estimation with Interaction

 ESTIMATION STEP OMITTED:                 NO  
 ANALYSIS TYPE:                           POPULATION
 CONDITIONAL ESTIMATES USED:              YES 
 CENTERED ETA:                            NO  
 EPS-ETA INTERACTION:                     YES 
 LAPLACIAN OBJ. FUNC.:                    NO  
 NO. OF FUNCT. EVALS. ALLOWED:            2000
 NO. OF SIG. FIGURES REQUIRED:            3
 INTERMEDIATE PRINTOUT:                   YES 
 ESTIMATE OUTPUT TO MSF:                  NO  
 ABORT WITH PRED EXIT CODE 1:             NO  
 IND. OBJ. FUNC. VALUES SORTED:           NO  
 NUMERICAL DERIVATIVE 
       FILE REQUEST (NUMDER):             NONE
 MAP (ETAHAT) ESTIMATION METHOD (OPTMAP): 0           
 ETA HESSIAN EVALUATION METHOD (ETADER):  0           
 INITIAL ETA FOR MAP ESTIMATION (MCETA):  0           
 SIGDIGITS FOR MAP ESTIMATION (SIGLO):    100         
 GRADIENT SIGDIGITS OF 
       FIXED EFFECTS PARAMETERS (SIGL):   100         
 EXCLUDE TITLE (NOTITLE):                 NO 
 EXCLUDE COLUMN LABELS (NOLABEL):         NO 
 NOPRIOR SETTING (NOPRIOR):               OFF
 NOCOV SETTING (NOCOV):                   OFF
 DERCONT SETTING (DERCONT):               OFF
 ABSOLUTE TOLERANCE-ADVAN 9,13 ONLY(ATOL):-100        
 FINAL ETA RE-EVALUATION (FNLETA):        ON 
 EXCLUDE NON-INFLUENTIAL (NON-INFL.) ETAS 
       IN SHRINKAGE (ETASTYPE):           NO 
 NON-INFL. ETA CORRECTION (NONINFETA):    OFF
 FORMAT FOR ADDITIONAL FILES (FORMAT):    S1PE12.5
 PARAMETER ORDER FOR OUTPUTS (ORDER):     TSOL
 ADDITIONAL CONVERGENCE TEST (CTYPE=4)?:  NO
 EM OR BAYESIAN METHOD USED:                NONE


 THE FOLLOWING LABELS ARE EQUIVALENT
 PRED=PREDI
 RES=RESI
 WRES=WRESI
 IWRS=IWRESI
 IPRD=IPREDI
 IRS=IRESI

 MONITORING OF SEARCH:


0ITERATION NO.:    0    OBJECTIVE VALUE:  -220.363673102687        NO. OF FUNC. EVALS.:   7
 CUMULATIVE NO. OF FUNC. EVALS.:        7
 NPARAMETR:  1.0000E+01  5.0000E+01  5.0000E+01  5.0000E+01  1.0000E-01  1.0000E-01  1.0000E-01
 PARAMETER:  1.0000E-01  1.0000E-01  1.0000E-01  1.0000E-01  1.0000E-01  1.0000E-01  1.0000E-01
 GRADIENT:  -1.9644E+02 -1.2423E+02 -3.3582E+00 -7.8576E+01 -6.3943E-01  1.8005E-01  3.8430E+02

0ITERATION NO.:    1    OBJECTIVE VALUE:  -337.022146861453        NO. OF FUNC. EVALS.:   8
 CUMULATIVE NO. OF FUNC. EVALS.:       15
 NPARAMETR:  1.1657E+01  5.5092E+01  5.0131E+01  5.3163E+01  1.0010E-01  9.9972E-02  5.4881E-02
 PARAMETER:  2.5335E-01  1.9698E-01  1.0262E-01  1.6134E-01  1.0050E-01  9.9859E-02 -2.0000E-01
 GRADIENT:  -4.7057E+01 -3.9832E+01  7.7643E+00  7.7490E+00  3.2322E+01  3.4089E+00  1.7976E+02

0ITERATION NO.:    2    OBJECTIVE VALUE:  -354.119135017741        NO. OF FUNC. EVALS.:   8
 CUMULATIVE NO. OF FUNC. EVALS.:       23
 NPARAMETR:  1.2610E+01  5.8879E+01  4.9486E+01  5.2480E+01  8.9863E-02  9.8841E-02  3.0119E-02
 PARAMETER:  3.3188E-01  2.6345E-01  8.9664E-02  1.4841E-01  4.6558E-02  9.4171E-02 -5.0000E-01
 GRADIENT:   4.6227E+01  2.9797E+01  2.4076E+01  8.0726E+01  2.4038E+01 -7.4390E+00 -1.0450E+02

0ITERATION NO.:    3    OBJECTIVE VALUE:  -356.419784927287        NO. OF FUNC. EVALS.:   9
 CUMULATIVE NO. OF FUNC. EVALS.:       32
 NPARAMETR:  1.2503E+01  5.8847E+01  4.8447E+01  4.9344E+01  8.3962E-02  9.9542E-02  2.8999E-02
 PARAMETER:  3.2338E-01  2.6292E-01  6.8451E-02  8.6791E-02  1.2598E-02  9.7704E-02 -5.1895E-01
 GRADIENT:   4.2065E+01  1.1129E+01  3.4512E+01  5.1273E+00  2.0110E+01 -4.4522E+00 -1.1149E+02

0ITERATION NO.:    4    OBJECTIVE VALUE:  -361.729109645470        NO. OF FUNC. EVALS.:   9
 CUMULATIVE NO. OF FUNC. EVALS.:       41
 NPARAMETR:  1.1962E+01  6.2286E+01  4.1730E+01  4.8218E+01  6.2054E-02  1.0113E-01  2.8412E-02
 PARAMETER:  2.7914E-01  3.1971E-01 -8.0806E-02  6.3712E-02 -1.3858E-01  1.0564E-01 -5.2918E-01
 GRADIENT:  -9.7464E+00  3.4199E+01  3.6503E+01  1.8359E+01 -2.1807E+00  3.0397E-01 -1.1685E+02

0ITERATION NO.:    5    OBJECTIVE VALUE:  -364.351008472704        NO. OF FUNC. EVALS.:   8
 CUMULATIVE NO. OF FUNC. EVALS.:       49
 NPARAMETR:  1.2805E+01  6.4356E+01  3.2747E+01  4.6440E+01  4.3935E-02  1.0085E-01  2.9164E-02
 PARAMETER:  3.4723E-01  3.5241E-01 -3.2322E-01  2.6146E-02 -3.1123E-01  1.0422E-01 -5.1612E-01
 GRADIENT:   1.2336E+02  2.0838E+01  3.0451E+01  6.5794E+00 -4.1976E+01  8.3387E+00 -9.8409E+01

0ITERATION NO.:    6    OBJECTIVE VALUE:  -368.824773090907        NO. OF FUNC. EVALS.:   8
 CUMULATIVE NO. OF FUNC. EVALS.:       57
 NPARAMETR:  1.2561E+01  6.3676E+01  2.3583E+01  4.4654E+01  4.2021E-02  9.1484E-02  2.7267E-02
 PARAMETER:  3.2798E-01  3.4179E-01 -6.5149E-01 -1.3073E-02 -3.3350E-01  5.5497E-02 -5.4974E-01
 GRADIENT:   9.6041E+01 -3.2961E+01  6.9381E+00 -4.2962E+00 -4.5443E+01  7.2053E+00 -1.1770E+02

0ITERATION NO.:    7    OBJECTIVE VALUE:  -370.865990756669        NO. OF FUNC. EVALS.:   8
 CUMULATIVE NO. OF FUNC. EVALS.:       65
 NPARAMETR:  1.2607E+01  6.8180E+01  2.0412E+01  4.2937E+01  4.3626E-02  8.6028E-02  2.7332E-02
 PARAMETER:  3.3165E-01  4.1013E-01 -7.9590E-01 -5.2291E-02 -3.1475E-01  2.4749E-02 -5.4855E-01
 GRADIENT:   1.0062E+02  6.1633E+00  1.2911E+00 -1.8185E+01 -4.1971E+01  7.6705E+00 -1.1572E+02

0ITERATION NO.:    8    OBJECTIVE VALUE:  -371.374675586625        NO. OF FUNC. EVALS.:   8
 CUMULATIVE NO. OF FUNC. EVALS.:       73
 NPARAMETR:  1.2588E+01  6.8270E+01  2.0466E+01  4.2850E+01  4.2679E-02  7.4156E-02  2.7644E-02
 PARAMETER:  3.3014E-01  4.1144E-01 -7.9327E-01 -5.4322E-02 -3.2573E-01 -4.9498E-02 -5.4287E-01
 GRADIENT:   9.8674E+01  7.1576E+00  3.0960E+00 -1.9527E+01 -4.3498E+01 -1.3583E+00 -1.1218E+02

0ITERATION NO.:    9    OBJECTIVE VALUE:  -382.605935933430        NO. OF FUNC. EVALS.:  10
 CUMULATIVE NO. OF FUNC. EVALS.:       83
 NPARAMETR:  1.2135E+01  6.7763E+01  2.1148E+01  4.3658E+01  5.8563E-02  7.5533E-02  3.3622E-02
 PARAMETER:  2.9348E-01  4.0400E-01 -7.6048E-01 -3.5639E-02 -1.6754E-01 -4.0299E-02 -4.4499E-01
 GRADIENT:   9.3663E+00 -8.8595E-01  4.6013E+00 -1.6449E+01 -6.2795E+00  1.7069E+00 -4.0096E+00

0ITERATION NO.:   10    OBJECTIVE VALUE:  -382.964878542877        NO. OF FUNC. EVALS.:   8
 CUMULATIVE NO. OF FUNC. EVALS.:       91
 NPARAMETR:  1.2090E+01  6.7805E+01  2.0257E+01  4.4034E+01  6.2251E-02  7.2809E-02  3.3931E-02
 PARAMETER:  2.8975E-01  4.0461E-01 -8.0352E-01 -2.7056E-02 -1.3699E-01 -5.8664E-02 -4.4043E-01
 GRADIENT:   3.6362E+00 -5.5312E+00 -1.0223E-01 -9.1324E+00 -1.1816E+00  2.1708E-01  4.9815E-01

0ITERATION NO.:   11    OBJECTIVE VALUE:  -383.034338424151        NO. OF FUNC. EVALS.:   8
 CUMULATIVE NO. OF FUNC. EVALS.:       99
 NPARAMETR:  1.2054E+01  6.8117E+01  2.0263E+01  4.4456E+01  6.3619E-02  7.2543E-02  3.4034E-02
 PARAMETER:  2.8685E-01  4.0920E-01 -8.0324E-01 -1.7525E-02 -1.2613E-01 -6.0498E-02 -4.3891E-01
 GRADIENT:  -8.7785E-01  6.8983E-01  2.5966E-01 -2.2907E+00  4.9040E-01  6.0546E-02  1.0728E+00

0ITERATION NO.:   12    OBJECTIVE VALUE:  -383.038252255992        NO. OF FUNC. EVALS.:   8
 CUMULATIVE NO. OF FUNC. EVALS.:      107
 NPARAMETR:  1.2055E+01  6.8018E+01  2.0270E+01  4.4593E+01  6.3435E-02  7.2516E-02  3.3991E-02
 PARAMETER:  2.8691E-01  4.0776E-01 -8.0288E-01 -1.4440E-02 -1.2758E-01 -6.0685E-02 -4.3953E-01
 GRADIENT:  -7.2198E-01 -2.8731E-01 -2.7271E-02 -3.5258E-01  2.1783E-01  5.2126E-03  2.6700E-01

0ITERATION NO.:   13    OBJECTIVE VALUE:  -383.041183943908        NO. OF FUNC. EVALS.:   8
 CUMULATIVE NO. OF FUNC. EVALS.:      115
 NPARAMETR:  1.2065E+01  6.8033E+01  2.0286E+01  4.4637E+01  6.3174E-02  7.2528E-02  3.3969E-02
 PARAMETER:  2.8775E-01  4.0796E-01 -8.0209E-01 -1.3465E-02 -1.2964E-01 -6.0598E-02 -4.3987E-01
 GRADIENT:   4.7627E-01  2.0361E-01  3.3191E-02  3.6387E-01 -1.3102E-01  2.7121E-03 -2.7432E-01

0ITERATION NO.:   14    OBJECTIVE VALUE:  -383.041183943908        NO. OF FUNC. EVALS.:  14
 CUMULATIVE NO. OF FUNC. EVALS.:      129
 NPARAMETR:  1.2065E+01  6.8033E+01  2.0286E+01  4.4637E+01  6.3174E-02  7.2528E-02  3.3969E-02
 PARAMETER:  2.8775E-01  4.0796E-01 -8.0209E-01 -1.3465E-02 -1.2964E-01 -6.0598E-02 -4.3987E-01
 GRADIENT:  -2.4991E+00 -8.8988E-01 -4.5888E-02  3.1963E-01 -1.3102E-01  2.7121E-03 -5.5876E-01

0ITERATION NO.:   15    OBJECTIVE VALUE:  -383.044284422876        NO. OF FUNC. EVALS.:  13
 CUMULATIVE NO. OF FUNC. EVALS.:      142
 NPARAMETR:  1.2086E+01  6.8103E+01  2.0272E+01  4.4613E+01  6.3305E-02  7.2487E-02  3.4008E-02
 PARAMETER:  2.8949E-01  4.0900E-01 -8.0276E-01 -1.4005E-02 -1.2861E-01 -6.0879E-02 -4.3928E-01
 GRADIENT:  -1.0303E-01 -7.4499E-02  2.5362E-02  5.3837E-02  4.8172E-02  6.3102E-03 -1.4270E-01

0ITERATION NO.:   16    OBJECTIVE VALUE:  -383.044324120118        NO. OF FUNC. EVALS.:  13
 CUMULATIVE NO. OF FUNC. EVALS.:      155
 NPARAMETR:  1.2087E+01  6.8115E+01  2.0263E+01  4.4607E+01  6.3261E-02  7.2464E-02  3.4019E-02
 PARAMETER:  2.8957E-01  4.0918E-01 -8.0324E-01 -1.4130E-02 -1.2895E-01 -6.1042E-02 -4.3912E-01
 GRADIENT:   2.6593E-03  5.9104E-03 -2.1855E-05  1.7122E-03 -5.0406E-03  3.7616E-03 -4.5000E-03

0ITERATION NO.:   17    OBJECTIVE VALUE:  -383.044324120118        NO. OF FUNC. EVALS.:  10
 CUMULATIVE NO. OF FUNC. EVALS.:      165
 NPARAMETR:  1.2087E+01  6.8115E+01  2.0263E+01  4.4607E+01  6.3261E-02  7.2464E-02  3.4019E-02
 PARAMETER:  2.8957E-01  4.0918E-01 -8.0324E-01 -1.4130E-02 -1.2895E-01 -6.1042E-02 -4.3912E-01
 GRADIENT:   2.6593E-03  5.9104E-03 -2.1855E-05  1.7122E-03 -5.0406E-03  3.7616E-03 -4.5000E-03

 #TERM:
0MINIMIZATION SUCCESSFUL
 NO. OF FUNCTION EVALUATIONS USED:      165
 NO. OF SIG. DIGITS IN FINAL EST.:  3.5

 ETABAR IS THE ARITHMETIC MEAN OF THE ETA-ESTIMATES,
 AND THE P-VALUE IS GIVEN FOR THE NULL HYPOTHESIS THAT THE TRUE MEAN IS 0.

 ETABAR:         7.8222E-04 -3.9630E-04
 SE:             3.3516E-02  3.3151E-02
 N:                      50          50

 P VAL.:         9.8138E-01  9.9046E-01

 ETAshrink(%):   4.8179E+00  1.2035E+01
 EBVshrink(%):   5.2719E+00  1.2649E+01
 EPSshrink(%):   1.0020E+01  1.0020E+01

 #TERE:
 Elapsed estimation time in seconds:     2.63
 Elapsed covariance time in seconds:     2.63
1
 
 
 
 
 
 
 
 
 
 
 
 
 
 
 
 
 
 
 
 
 ************************************************************************************************************************
 ********************                                                                                ********************
 ********************               FIRST ORDER CONDITIONAL ESTIMATION WITH INTERACTION              ********************
 #OBJT:**************                       MINIMUM VALUE OF OBJECTIVE FUNCTION                      ********************
 ********************                                                                                ********************
 ************************************************************************************************************************
 





 #OBJV:********************************************     -383.044       **************************************************
1
 ************************************************************************************************************************
 ********************                                                                                ********************
 ********************               FIRST ORDER CONDITIONAL ESTIMATION WITH INTERACTION              ********************
 ********************                             FINAL PARAMETER ESTIMATE                           ********************
 ********************                                                                                ********************
 ************************************************************************************************************************
 


 THETA - VECTOR OF FIXED EFFECTS PARAMETERS   *********


         TH 1      TH 2      TH 3      TH 4     
 
         1.21E+01  6.81E+01  2.03E+01  4.46E+01
 


 OMEGA - COV MATRIX FOR RANDOM EFFECTS - ETAS  ********


            ETA1      ETA2   
 
 ETA1
+        6.33E-02
 
 ETA2
+        0.00E+00  7.25E-02
 


 SIGMA - COV MATRIX FOR RANDOM EFFECTS - EPSILONS  ****


            EPS1      EPS2   
 
 EPS1
+        3.40E-02
 
 EPS2
+        0.00E+00  4.65E-03
 
1


 OMEGA - CORR MATRIX FOR RANDOM EFFECTS - ETAS  *******


            ETA1      ETA2   
 
 ETA1
+        2.52E-01
 
 ETA2
+        0.00E+00  2.69E-01
 


 SIGMA - CORR MATRIX FOR RANDOM EFFECTS - EPSILONS  ***


            EPS1      EPS2   
 
 EPS1
+        1.84E-01
 
 EPS2
+        0.00E+00  6.82E-02
 
1
 ************************************************************************************************************************
 ********************                                                                                ********************
 ********************               FIRST ORDER CONDITIONAL ESTIMATION WITH INTERACTION              ********************
 ********************                            STANDARD ERROR OF ESTIMATE                          ********************
 ********************                                                                                ********************
 ************************************************************************************************************************
 


 THETA - VECTOR OF FIXED EFFECTS PARAMETERS   *********


         TH 1      TH 2      TH 3      TH 4     
 
         4.28E-01  3.49E+00  2.95E+00  3.15E+00
 


 OMEGA - COV MATRIX FOR RANDOM EFFECTS - ETAS  ********


            ETA1      ETA2   
 
 ETA1
+        1.57E-02
 
 ETA2
+       .........  2.52E-02
 


 SIGMA - COV MATRIX FOR RANDOM EFFECTS - EPSILONS  ****


            EPS1      EPS2   
 
 EPS1
+        9.83E-03
 
 EPS2
+       ......... .........
 
1


 OMEGA - CORR MATRIX FOR RANDOM EFFECTS - ETAS  *******


            ETA1      ETA2   
 
 ETA1
+        3.12E-02
 
 ETA2
+       .........  4.68E-02
 


 SIGMA - CORR MATRIX FOR RANDOM EFFECTS - EPSILONS  ***


            EPS1      EPS2   
 
 EPS1
+        2.67E-02
 
 EPS2
+       ......... .........
 
1
 ************************************************************************************************************************
 ********************                                                                                ********************
 ********************               FIRST ORDER CONDITIONAL ESTIMATION WITH INTERACTION              ********************
 ********************                          COVARIANCE MATRIX OF ESTIMATE                         ********************
 ********************                                                                                ********************
 ************************************************************************************************************************
 

            TH 1      TH 2      TH 3      TH 4      OM11      OM12      OM22      SG11      SG12      SG22  
 
 TH 1
+        1.83E-01
 
 TH 2
+        1.92E-01  1.22E+01
 
 TH 3
+        2.66E-01 -5.17E+00  8.71E+00
 
 TH 4
+        1.60E-01 -1.03E+00  5.15E+00  9.92E+00
 
 OM11
+        8.58E-04  6.61E-03 -1.04E-03  8.04E-03  2.47E-04
 
 OM12
+       ......... ......... ......... ......... ......... .........
 
 OM22
+       -1.13E-03 -5.20E-02  2.20E-02  1.79E-02  1.93E-05 .........  6.34E-04
 
 SG11
+       -1.00E-03  1.10E-02 -3.16E-03  8.86E-03  5.73E-05 .........  1.04E-05  9.67E-05
 
 SG12
+       ......... ......... ......... ......... ......... ......... ......... ......... .........
 
 SG22
+       ......... ......... ......... ......... ......... ......... ......... ......... ......... .........
 
1
 ************************************************************************************************************************
 ********************                                                                                ********************
 ********************               FIRST ORDER CONDITIONAL ESTIMATION WITH INTERACTION              ********************
 ********************                          CORRELATION MATRIX OF ESTIMATE                        ********************
 ********************                                                                                ********************
 ************************************************************************************************************************
 

            TH 1      TH 2      TH 3      TH 4      OM11      OM12      OM22      SG11      SG12      SG22  
 
 TH 1
+        4.28E-01
 
 TH 2
+        1.29E-01  3.49E+00
 
 TH 3
+        2.11E-01 -5.02E-01  2.95E+00
 
 TH 4
+        1.19E-01 -9.38E-02  5.54E-01  3.15E+00
 
 OM11
+        1.27E-01  1.21E-01 -2.24E-02  1.62E-01  1.57E-02
 
 OM12
+       ......... ......... ......... ......... ......... .........
 
 OM22
+       -1.05E-01 -5.93E-01  2.96E-01  2.26E-01  4.86E-02 .........  2.52E-02
 
 SG11
+       -2.39E-01  3.22E-01 -1.09E-01  2.86E-01  3.71E-01 .........  4.19E-02  9.83E-03
 
 SG12
+       ......... ......... ......... ......... ......... ......... ......... ......... .........
 
 SG22
+       ......... ......... ......... ......... ......... ......... ......... ......... ......... .........
 
1
 ************************************************************************************************************************
 ********************                                                                                ********************
 ********************               FIRST ORDER CONDITIONAL ESTIMATION WITH INTERACTION              ********************
 ********************                      INVERSE COVARIANCE MATRIX OF ESTIMATE                     ********************
 ********************                                                                                ********************
 ************************************************************************************************************************
 

            TH 1      TH 2      TH 3      TH 4      OM11      OM12      OM22      SG11      SG12      SG22  
 
 TH 1
+        7.49E+00
 
 TH 2
+       -4.32E-01  2.22E-01
 
 TH 3
+       -3.93E-01  1.22E-01  2.67E-01
 
 TH 4
+       -3.97E-02 -3.91E-02 -1.29E-01  1.86E-01
 
 OM11
+       -4.84E+01  2.00E+00  3.06E+00 -1.42E+00  5.03E+03
 
 OM12
+       ......... ......... ......... ......... ......... .........
 
 OM22
+       -8.24E+00  1.47E+01  3.60E+00 -3.77E+00 -8.38E+01 .........  2.77E+03
 
 SG11
+        1.47E+02 -2.50E+01  2.70E-01 -1.60E+01 -3.48E+03 ......... -1.54E+03  1.84E+04
 
 SG12
+       ......... ......... ......... ......... ......... ......... ......... ......... .........
 
 SG22
+       ......... ......... ......... ......... ......... ......... ......... ......... ......... .........
 
 #CPUT: Total CPU Time in Seconds,        5.429
Stop Time: 
08/07/2014 
19:15
This file was created using C:/NM730/run/nmfe73.bat
Started  Tue Jul  8 19:15:09 2014
Finished Tue Jul  8 19:15:35 2014
